SCANNING: 803000000 (us-bcast:69)
LOCK: none (ss=100 snq=0 seq=0)
SCANNING: 797000000 (us-bcast:68)
LOCK: none (ss=43 snq=0 seq=0)
SCANNING: 791000000 (us-bcast:67)
LOCK: none (ss=44 snq=0 seq=0)
SCANNING: 785000000 (us-bcast:66)
LOCK: none (ss=44 snq=0 seq=0)
SCANNING: 779000000 (us-bcast:65)
LOCK: none (ss=44 snq=0 seq=0)
SCANNING: 773000000 (us-bcast:64)
LOCK: none (ss=53 snq=0 seq=0)
SCANNING: 767000000 (us-bcast:63)
LOCK: none (ss=39 snq=0 seq=0)
SCANNING: 761000000 (us-bcast:62)
LOCK: none (ss=37 snq=0 seq=0)
SCANNING: 755000000 (us-bcast:61)
LOCK: none (ss=60 snq=0 seq=0)
SCANNING: 749000000 (us-bcast:60)
LOCK: none (ss=71 snq=0 seq=0)
SCANNING: 743000000 (us-bcast:59)
LOCK: none (ss=79 snq=0 seq=0)
SCANNING: 737000000 (us-bcast:58)
LOCK: none (ss=93 snq=0 seq=0)
SCANNING: 731000000 (us-bcast:57)
LOCK: none (ss=100 snq=0 seq=0)
SCANNING: 725000000 (us-bcast:56)
LOCK: none (ss=32 snq=0 seq=0)
SCANNING: 719000000 (us-bcast:55)
LOCK: none (ss=29 snq=0 seq=0)
SCANNING: 713000000 (us-bcast:54)
LOCK: none (ss=30 snq=0 seq=0)
SCANNING: 707000000 (us-bcast:53)
LOCK: none (ss=28 snq=0 seq=0)
SCANNING: 701000000 (us-bcast:52)
LOCK: none (ss=27 snq=0 seq=0)
SCANNING: 695000000 (us-bcast:51)
LOCK: none (ss=34 snq=0 seq=0)
SCANNING: 689000000 (us-bcast:50)
LOCK: 8vsb (ss=85 snq=81 seq=100)
TSID: 0x0C83
PROGRAM 3: 3.1 WISC
PROGRAM 4: 3.2 TVW
PROGRAM 5: 3.3 ION
SCANNING: 683000000 (us-bcast:49)
LOCK: 8vsb (ss=90 snq=78 seq=100)
TSID: 0x0C8B
PROGRAM 3: 47.1 WMSNFOX
PROGRAM 4: 47.2 COMET
PROGRAM 5: 47.3 CHARGE!
PROGRAM 6: 47.4 TBD
SCANNING: 677000000 (us-bcast:48)
LOCK: none (ss=36 snq=0 seq=0)
SCANNING: 671000000 (us-bcast:47)
LOCK: none (ss=25 snq=0 seq=0)
SCANNING: 665000000 (us-bcast:46)
LOCK: none (ss=26 snq=0 seq=0)
SCANNING: 659000000 (us-bcast:45)
LOCK: none (ss=26 snq=0 seq=0)
SCANNING: 653000000 (us-bcast:44)
LOCK: none (ss=33 snq=0 seq=0)
SCANNING: 647000000 (us-bcast:43)
LOCK: none (ss=34 snq=0 seq=0)
SCANNING: 641000000 (us-bcast:42)
LOCK: none (ss=39 snq=0 seq=0)
SCANNING: 635000000 (us-bcast:41)
LOCK: none (ss=39 snq=0 seq=0)
SCANNING: 629000000 (us-bcast:40)
LOCK: none (ss=41 snq=0 seq=0)
SCANNING: 623000000 (us-bcast:39)
LOCK: none (ss=50 snq=0 seq=0)
SCANNING: 617000000 (us-bcast:38)
LOCK: 8vsb (ss=65 snq=41 seq=100)
SCANNING: 611000000 (us-bcast:37)
LOCK: none (ss=40 snq=0 seq=0)
SCANNING: 605000000 (us-bcast:36)
LOCK: 8vsb (ss=63 snq=42 seq=100)
SCANNING: 599000000 (us-bcast:35)
LOCK: none (ss=41 snq=0 seq=0)
SCANNING: 593000000 (us-bcast:34)
LOCK: none (ss=70 snq=0 seq=0)
SCANNING: 587000000 (us-bcast:33)
LOCK: none (ss=43 snq=0 seq=0)
SCANNING: 581000000 (us-bcast:32)
LOCK: 8vsb (ss=99 snq=85 seq=100)
TSID: 0x0C77
PROGRAM 4: 57.1 WIFS-HD
PROGRAM 5: 57.2 MOVIES!
PROGRAM 6: 57.3 H&I
PROGRAM 7: 57.4 STADIUM
PROGRAM 8: 57.5 QVC
SCANNING: 575000000 (us-bcast:31)
LOCK: none (ss=43 snq=0 seq=0)
SCANNING: 569000000 (us-bcast:30)
LOCK: none (ss=41 snq=0 seq=0)
SCANNING: 563000000 (us-bcast:29)
LOCK: none (ss=41 snq=0 seq=0)
SCANNING: 557000000 (us-bcast:28)
LOCK: none (ss=44 snq=0 seq=0)
SCANNING: 551000000 (us-bcast:27)
LOCK: none (ss=44 snq=0 seq=0)
SCANNING: 545000000 (us-bcast:26)
LOCK: 8vsb (ss=90 snq=58 seq=100)
TSID: 0x0C89
PROGRAM 3: 27.1 WKOWABC
PROGRAM 4: 27.2 WKOW-ME
PROGRAM 5: 27.3 WKOWDEC
SCANNING: 539000000 (us-bcast:25)
LOCK: none (ss=46 snq=0 seq=0)
SCANNING: 533000000 (us-bcast:24)
LOCK: none (ss=53 snq=0 seq=0)
SCANNING: 527000000 (us-bcast:23)
LOCK: 8vsb (ss=73 snq=42 seq=100)
SCANNING: 521000000 (us-bcast:22)
LOCK: none (ss=48 snq=0 seq=0)
SCANNING: 515000000 (us-bcast:21)
LOCK: none (ss=44 snq=0 seq=0)
SCANNING: 509000000 (us-bcast:20)
LOCK: 8vsb (ss=92 snq=85 seq=100)
TSID: 0x0C87
PROGRAM 3: 21.1 WHA-HD
PROGRAM 4: 21.2 WPT2
PROGRAM 5: 21.3 WPT3
PROGRAM 6: 21.4 WPT4
SCANNING: 503000000 (us-bcast:19)
LOCK: 8vsb (ss=99 snq=90 seq=100)
TSID: 0x0C85
PROGRAM 3: 15.1 WMTVNBC
PROGRAM 4: 15.2 WMTV-CW
PROGRAM 5: 15.3 ANT-TV
PROGRAM 6: 15.4 WMTV-WX
SCANNING: 497000000 (us-bcast:18)
LOCK: none (ss=44 snq=0 seq=0)
SCANNING: 491000000 (us-bcast:17)
LOCK: none (ss=44 snq=0 seq=0)
SCANNING: 485000000 (us-bcast:16)
LOCK: none (ss=44 snq=0 seq=0)
SCANNING: 479000000 (us-bcast:15)
LOCK: none (ss=47 snq=0 seq=0)
SCANNING: 473000000 (us-bcast:14)
LOCK: none (ss=50 snq=0 seq=0)
SCANNING: 213000000 (us-bcast:13)
LOCK: none (ss=59 snq=0 seq=0)
SCANNING: 207000000 (us-bcast:12)
LOCK: none (ss=60 snq=0 seq=0)
SCANNING: 201000000 (us-bcast:11)
LOCK: none (ss=64 snq=0 seq=0)
SCANNING: 195000000 (us-bcast:10)
LOCK: none (ss=66 snq=0 seq=0)
SCANNING: 189000000 (us-bcast:9)
LOCK: none (ss=65 snq=0 seq=0)
SCANNING: 183000000 (us-bcast:8)
LOCK: none (ss=75 snq=0 seq=0)
SCANNING: 177000000 (us-bcast:7)
LOCK: none (ss=78 snq=0 seq=0)
SCANNING: 85000000 (us-bcast:6)
LOCK: none (ss=87 snq=0 seq=0)
SCANNING: 79000000 (us-bcast:5)
LOCK: none (ss=91 snq=0 seq=0)
SCANNING: 69000000 (us-bcast:4)
LOCK: none (ss=92 snq=0 seq=0)
SCANNING: 63000000 (us-bcast:3)
LOCK: none (ss=90 snq=0 seq=0)
SCANNING: 57000000 (us-bcast:2)
LOCK: none (ss=95 snq=0 seq=0)
